
>>>>>>>>>>>>>>>>>>>>>>>>>>>>>>>>>>>>>>>>>>>>>>>>>>>>>>>>>>>>>>>>>>>>>>

      ANSWER KEY 

ID:             DEV-MUC3-0006
INCIDENT:       ATTACK
WEAPON:         -
PERP_INDIV:     -
PERP_ORG:       -
TARGET:         STORES
                ELECTRIC TOWERS
VICTIM:         -

      SYSTEM OUTPUT 

ID:             DEV-MUC3-0006
INCIDENT:       ATTACK
WEAPON:         -
PERP_INDIV:     -
PERP_ORG:       -
TARGET:         -
VICTIM:         -

     SCORES for DEV-MUC3-0006

                RECALL             PRECISION          F-MEASURE
Incident        1.00 (1/1)	   1.00 (1/1)         1.00
Weapons         0.00 (0/0)	   0.00 (0/0)         0.00
Perp_Ind        0.00 (0/0)	   0.00 (0/0)         0.00
Perp_Org        0.00 (0/0)	   0.00 (0/0)         0.00
Targets         0.00 (0/2)	   0.00 (0/0)         0.00
Victims         0.00 (0/0)	   0.00 (0/0)         0.00
--------        --------------     --------------     ----
TOTAL           0.33 (1/3)	   1.00 (1/1)         0.50

>>>>>>>>>>>>>>>>>>>>>>>>>>>>>>>>>>>>>>>>>>>>>>>>>>>>>>>>>>>>>>>>>>>>>>

      ANSWER KEY 

ID:             DEV-MUC3-0012
INCIDENT:       ATTACK
WEAPON:         -
PERP_INDIV:     SUBVERSIVES / GROUP OF SUBVERSIVES
PERP_ORG:       -
TARGET:         -
VICTIM:         ENRIQUE LOPEZ ALBUJAR

      SYSTEM OUTPUT 

ID:             DEV-MUC3-0012
INCIDENT:       ATTACK
WEAPON:         -
PERP_INDIV:     -
PERP_ORG:       -
TARGET:         -
VICTIM:         -

     SCORES for DEV-MUC3-0012

                RECALL             PRECISION          F-MEASURE
Incident        1.00 (1/1)	   1.00 (1/1)         1.00
Weapons         0.00 (0/0)	   0.00 (0/0)         0.00
Perp_Ind        0.00 (0/1)	   0.00 (0/0)         0.00
Perp_Org        0.00 (0/0)	   0.00 (0/0)         0.00
Targets         0.00 (0/0)	   0.00 (0/0)         0.00
Victims         0.00 (0/1)	   0.00 (0/0)         0.00
--------        --------------     --------------     ----
TOTAL           0.33 (1/3)	   1.00 (1/1)         0.50

>>>>>>>>>>>>>>>>>>>>>>>>>>>>>>>>>>>>>>>>>>>>>>>>>>>>>>>>>>>>>>>>>>>>>>

      ANSWER KEY 

ID:             DEV-MUC3-0014
INCIDENT:       ATTACK
WEAPON:         MACHINE-GUN
PERP_INDIV:     MEMBERS OF THE ARMED FORCES / MEMBERS OF THE ARMED FORCES
                MORE THAN SEVEN PEOPLE
                TWO DIFFERENT GROUPS
PERP_ORG:       ARMED FORCES
TARGET:         -
VICTIM:         JESUITS / CLERGYMEN
                MAIDS

      SYSTEM OUTPUT 

ID:             DEV-MUC3-0014
INCIDENT:       ATTACK
WEAPON:         -
PERP_INDIV:     -
PERP_ORG:       -
TARGET:         -
VICTIM:         -

     SCORES for DEV-MUC3-0014

                RECALL             PRECISION          F-MEASURE
Incident        1.00 (1/1)	   1.00 (1/1)         1.00
Weapons         0.00 (0/1)	   0.00 (0/0)         0.00
Perp_Ind        0.00 (0/3)	   0.00 (0/0)         0.00
Perp_Org        0.00 (0/1)	   0.00 (0/0)         0.00
Targets         0.00 (0/0)	   0.00 (0/0)         0.00
Victims         0.00 (0/2)	   0.00 (0/0)         0.00
--------        --------------     --------------     ----
TOTAL           0.12 (1/8)	   1.00 (1/1)         0.22

>>>>>>>>>>>>>>>>>>>>>>>>>>>>>>>>>>>>>>>>>>>>>>>>>>>>>>>>>>>>>>>>>>>>>>

      ANSWER KEY 

ID:             DEV-MUC3-0023
INCIDENT:       ATTACK
WEAPON:         -
PERP_INDIV:     16 SUSPECTS
PERP_ORG:       TUPAC AMARU REVOLUTIONARY MOVEMENT / MRTA
                SHINING PATH
TARGET:         -
VICTIM:         ENRIQUE LOPEZ ALBUJAR

      SYSTEM OUTPUT 

ID:             DEV-MUC3-0023
INCIDENT:       ATTACK
WEAPON:         -
PERP_INDIV:     -
PERP_ORG:       -
TARGET:         -
VICTIM:         -

     SCORES for DEV-MUC3-0023

                RECALL             PRECISION          F-MEASURE
Incident        1.00 (1/1)	   1.00 (1/1)         1.00
Weapons         0.00 (0/0)	   0.00 (0/0)         0.00
Perp_Ind        0.00 (0/1)	   0.00 (0/0)         0.00
Perp_Org        0.00 (0/2)	   0.00 (0/0)         0.00
Targets         0.00 (0/0)	   0.00 (0/0)         0.00
Victims         0.00 (0/1)	   0.00 (0/0)         0.00
--------        --------------     --------------     ----
TOTAL           0.20 (1/5)	   1.00 (1/1)         0.33

>>>>>>>>>>>>>>>>>>>>>>>>>>>>>>>>>>>>>>>>>>>>>>>>>>>>>>>>>>>>>>>>>>>>>>

      ANSWER KEY 

ID:             DEV-MUC3-0025
INCIDENT:       KIDNAPPING
WEAPON:         -
PERP_INDIV:     HEAVILY ARMED MEN
PERP_ORG:       -
TARGET:         -
VICTIM:         HECTOR OQUELI COLINDRES
                GILDA FLORES

      SYSTEM OUTPUT 

ID:             DEV-MUC3-0025
INCIDENT:       KIDNAPPING
WEAPON:         -
PERP_INDIV:     -
PERP_ORG:       -
TARGET:         -
VICTIM:         -

     SCORES for DEV-MUC3-0025

                RECALL             PRECISION          F-MEASURE
Incident        1.00 (1/1)	   1.00 (1/1)         1.00
Weapons         0.00 (0/0)	   0.00 (0/0)         0.00
Perp_Ind        0.00 (0/1)	   0.00 (0/0)         0.00
Perp_Org        0.00 (0/0)	   0.00 (0/0)         0.00
Targets         0.00 (0/0)	   0.00 (0/0)         0.00
Victims         0.00 (0/2)	   0.00 (0/0)         0.00
--------        --------------     --------------     ----
TOTAL           0.25 (1/4)	   1.00 (1/1)         0.40

>>>>>>>>>>>>>>>>>>>>>>>>>>>>>>>>>>>>>>>>>>>>>>>>>>>>>>>>>>>>>>>>>>>>>>


     SCORES for ALL Templates

                RECALL             PRECISION          F-MEASURE
Incident        1.00 (5/5)	   1.00 (5/5)         1.00
Weapons         0.00 (0/1)	   0.00 (0/0)         0.00
Perp_Ind        0.00 (0/6)	   0.00 (0/0)         0.00
Perp_Org        0.00 (0/3)	   0.00 (0/0)         0.00
Targets         0.00 (0/2)	   0.00 (0/0)         0.00
Victims         0.00 (0/6)	   0.00 (0/0)         0.00
--------        --------------     --------------     ----
TOTAL           0.22 (5/23)	   1.00 (5/5)         0.36
